<?xml version="1.0" encoding="UTF-8"?>
<testsuite xmlns:xsi="http://www.w3.org/2001/XMLSchema-instance" xsi:noNamespaceSchemaLocation="https://maven.apache.org/surefire/maven-surefire-plugin/xsd/surefire-test-report.xsd" version="3.0.2" name="com.qa.restfulbooker.runner.TestRunner" time="16.84" tests="2" errors="0" skipped="0" failures="1">
  <properties>
[...]
</properties>
  <testcase name="Create Booking" classname="CreateBooking" time="12.066">
    <system-out><![CDATA[
@CreateBooking
Scenario Outline: Create Booking                                     &amp#27;[90m# Features/createbooking.feature:4&amp#27;[0m
  &amp#27;[32mGiven &amp#27;[0m&amp#27;[32mUser has &amp#27;[0m&amp#27;[32m&amp#27;[1m"CreateBooking"&amp#27;[0m&amp#27;[32m payload with all the attributes&amp#27;[0m     &amp#27;[90m# com.qa.restfulbooker.stepdefs.CreateBookingStepDefs.user_has_payload(java.lang.String,io.cucumber.datatable.DataTable)&amp#27;[0m
    | firstname | lastname | totalprice | depositpaid | checkindate | checkoutdate | additionalneeds |
    | Mason     | Mount    | 230        | true        | 2024-07-01  | 2024-07-23   | Breakfast       |
  &amp#27;[32mWhen &amp#27;[0m&amp#27;[32mUser calls &amp#27;[0m&amp#27;[32m&amp#27;[1m"CreateBooking"&amp#27;[0m&amp#27;[32m API with &amp#27;[0m&amp#27;[32m&amp#27;[1m"POST"&amp#27;[0m&amp#27;[32m http method&amp#27;[0m        &amp#27;[90m# com.qa.restfulbooker.stepdefs.CreateBookingStepDefs.user_calls_api_with_http_method(java.lang.String,java.lang.String)&amp#27;[0m
  &amp#27;[32mThen &amp#27;[0m&amp#27;[32mUser should get &amp#27;[0m&amp#27;[32m&amp#27;[1m200&amp#27;[0m&amp#27;[32m response code&amp#27;[0m                             &amp#27;[90m# com.qa.restfulbooker.stepdefs.CreateBookingStepDefs.user_should_get_response_code(int)&amp#27;[0m
  &amp#27;[32mAnd &amp#27;[0m&amp#27;[32mUser validates response with &amp#27;[0m&amp#27;[32m&amp#27;[1m"CreateBookingSchema.json"&amp#27;[0m&amp#27;[32m schema&amp#27;[0m &amp#27;[90m# com.qa.restfulbooker.stepdefs.CreateBookingStepDefs.response_should_match_with(java.lang.String)&amp#27;[0m
]]></system-out>
  </testcase>
  <testcase name="Partial Update" classname="Update Booking" time="4.122">
    <failure message="1 expectation failed.&#10;Response body doesn&apos;t match expectation.&#10;Expected: The content to match the given JSON schema.&#10;error: instance type (null) does not match any allowed primitive type (allowed: [&quot;string&quot;])&#10;    level: &quot;error&quot;&#10;    schema: {&quot;loadingURI&quot;:&quot;#&quot;,&quot;pointer&quot;:&quot;/properties/additionalneeds&quot;}&#10;    instance: {&quot;pointer&quot;:&quot;/additionalneeds&quot;}&#10;    domain: &quot;validation&quot;&#10;    keyword: &quot;type&quot;&#10;    found: &quot;null&quot;&#10;    expected: [&quot;string&quot;]&#10;error: instance type (null) does not match any allowed primitive type (allowed: [&quot;string&quot;])&#10;    level: &quot;error&quot;&#10;    schema: {&quot;loadingURI&quot;:&quot;#&quot;,&quot;pointer&quot;:&quot;/properties/firstname&quot;}&#10;    instance: {&quot;pointer&quot;:&quot;/firstname&quot;}&#10;    domain: &quot;validation&quot;&#10;    keyword: &quot;type&quot;&#10;    found: &quot;null&quot;&#10;    expected: [&quot;string&quot;]&#10;error: instance type (null) does not match any allowed primitive type (allowed: [&quot;string&quot;])&#10;    level: &quot;error&quot;&#10;    schema: {&quot;loadingURI&quot;:&quot;#&quot;,&quot;pointer&quot;:&quot;/properties/lastname&quot;}&#10;    instance: {&quot;pointer&quot;:&quot;/lastname&quot;}&#10;    domain: &quot;validation&quot;&#10;    keyword: &quot;type&quot;&#10;    found: &quot;null&quot;&#10;    expected: [&quot;string&quot;]&#10;&#10;  Actual: {&quot;firstname&quot;:null,&quot;lastname&quot;:null,&quot;totalprice&quot;:0,&quot;depositpaid&quot;:false,&quot;bookingdates&quot;:{&quot;checkin&quot;:&quot;2024-07-12&quot;,&quot;checkout&quot;:&quot;2024-07-29&quot;},&quot;additionalneeds&quot;:null}&#10;" type="java.lang.AssertionError"><![CDATA[java.lang.AssertionError: 
1 expectation failed.
Response body doesn't match expectation.
Expected: The content to match the given JSON schema.
error: instance type (null) does not match any allowed primitive type (allowed: ["string"])
    level: "error"
    schema: {"loadingURI":"#","pointer":"/properties/additionalneeds"}
    instance: {"pointer":"/additionalneeds"}
    domain: "validation"
    keyword: "type"
    found: "null"
    expected: ["string"]
error: instance type (null) does not match any allowed primitive type (allowed: ["string"])
    level: "error"
    schema: {"loadingURI":"#","pointer":"/properties/firstname"}
    instance: {"pointer":"/firstname"}
    domain: "validation"
    keyword: "type"
    found: "null"
    expected: ["string"]
error: instance type (null) does not match any allowed primitive type (allowed: ["string"])
    level: "error"
    schema: {"loadingURI":"#","pointer":"/properties/lastname"}
    instance: {"pointer":"/lastname"}
    domain: "validation"
    keyword: "type"
    found: "null"
    expected: ["string"]

  Actual: {"firstname":null,"lastname":null,"totalprice":0,"depositpaid":false,"bookingdates":{"checkin":"2024-07-12","checkout":"2024-07-29"},"additionalneeds":null}

	at java.base/java.lang.reflect.Constructor.newInstanceWithCaller(Constructor.java:502)
	at java.base/java.lang.reflect.Constructor.newInstance(Constructor.java:486)
	at org.codehaus.groovy.reflection.CachedConstructor.invoke(CachedConstructor.java:73)
	at org.codehaus.groovy.runtime.callsite.ConstructorSite$ConstructorSiteNoUnwrapNoCoerce.callConstructor(ConstructorSite.java:108)
	at org.codehaus.groovy.runtime.callsite.CallSiteArray.defaultCallConstructor(CallSiteArray.java:57)
	at org.codehaus.groovy.runtime.callsite.AbstractCallSite.callConstructor(AbstractCallSite.java:263)
	at org.codehaus.groovy.runtime.callsite.AbstractCallSite.callConstructor(AbstractCallSite.java:277)
	at io.restassured.internal.ResponseSpecificationImpl$HamcrestAssertionClosure.validate(ResponseSpecificationImpl.groovy:512)
	at io.restassured.internal.ResponseSpecificationImpl$HamcrestAssertionClosure$validate$1.call(Unknown Source)
	at io.restassured.internal.ResponseSpecificationImpl.validateResponseIfRequired(ResponseSpecificationImpl.groovy:696)
	at io.restassured.internal.ResponseSpecificationImpl.this$2$validateResponseIfRequired(ResponseSpecificationImpl.groovy)
	at java.base/java.lang.reflect.Method.invoke(Method.java:580)
	at org.codehaus.groovy.runtime.callsite.PlainObjectMetaMethodSite.doInvoke(PlainObjectMetaMethodSite.java:43)
	at org.codehaus.groovy.runtime.callsite.PogoMetaMethodSite$PogoCachedMethodSiteNoUnwrapNoCoerce.invoke(PogoMetaMethodSite.java:198)
	at org.codehaus.groovy.runtime.callsite.PogoMetaMethodSite.callCurrent(PogoMetaMethodSite.java:62)
	at org.codehaus.groovy.runtime.callsite.AbstractCallSite.callCurrent(AbstractCallSite.java:185)
	at io.restassured.internal.ResponseSpecificationImpl.body(ResponseSpecificationImpl.groovy:107)
	at io.restassured.internal.ValidatableResponseOptionsImpl.body(ValidatableResponseOptionsImpl.java:238)
	at com.qa.restfulbooker.stepdefs.CreateBookingStepDefs.response_should_match_with(CreateBookingStepDefs.java:65)
	at ✽.User validates response with "UpdateBookingSchema.json" schema(file:///E:/Testing/Eclipse/RestAssuredAutomationFramework/./Features/updatebooking.feature:30)
]]></failure>
    <system-out><![CDATA[
@UpdateBooking
Scenario: Partial Update                                                                                   &amp#27;[90m# Features/updatebooking.feature:22&amp#27;[0m
  &amp#27;[32mGiven &amp#27;[0m&amp#27;[32mUser has &amp#27;[0m&amp#27;[32m&amp#27;[1m"CreateBooking"&amp#27;[0m&amp#27;[32m payload with all the attributes&amp#27;[0m                                           &amp#27;[90m# com.qa.restfulbooker.stepdefs.CreateBookingStepDefs.user_has_payload(java.lang.String,io.cucumber.datatable.DataTable)&amp#27;[0m
    | firstname | lastname | totalprice | depositpaid | checkindate | checkoutdate | additionalneeds |
    | Mason     | Mount    | 230        | true        | 2024-07-01  | 2024-07-23   | Breakfast       |
  &amp#27;[32mWhen &amp#27;[0m&amp#27;[32mUser calls &amp#27;[0m&amp#27;[32m&amp#27;[1m"CreateBooking"&amp#27;[0m&amp#27;[32m API with &amp#27;[0m&amp#27;[32m&amp#27;[1m"POST"&amp#27;[0m&amp#27;[32m http method&amp#27;[0m                                              &amp#27;[90m# com.qa.restfulbooker.stepdefs.CreateBookingStepDefs.user_calls_api_with_http_method(java.lang.String,java.lang.String)&amp#27;[0m
Booking Id:1699
  &amp#27;[32mThen &amp#27;[0m&amp#27;[32mBooking id should be returned in reponse&amp#27;[0m                                                            &amp#27;[90m# com.qa.restfulbooker.stepdefs.GetBookingStepDefs.booking_id_should_be_returned_in_reponse()&amp#27;[0m
  &amp#27;[32mGiven &amp#27;[0m&amp#27;[32mUser passes booking id in request URI&amp#27;[0m                                                              &amp#27;[90m# com.qa.restfulbooker.stepdefs.GetBookingStepDefs.user_passes_booking_in_id_request_uri()&amp#27;[0m
  &amp#27;[32mAnd &amp#27;[0m&amp#27;[32mUser has &amp#27;[0m&amp#27;[32m&amp#27;[1m"PartialUpdateBooking"&amp#27;[0m&amp#27;[32m payload to update booking dates&amp#27;[0m                                      &amp#27;[90m# com.qa.restfulbooker.stepdefs.UpdateBookingStepDefs.user_has_payload_to_update_booking_dates(java.lang.String,io.cucumber.datatable.DataTable)&amp#27;[0m
    | checkindate | checkoutdate |
    | 2024-07-12  | 2024-07-29   |
  &amp#27;[32mWhen &amp#27;[0m&amp#27;[32mUser calls &amp#27;[0m&amp#27;[32m&amp#27;[1m"PartialUpdateBooking"&amp#27;[0m&amp#27;[32m API with &amp#27;[0m&amp#27;[32m&amp#27;[1m"PATCH"&amp#27;[0m&amp#27;[32m http method&amp#27;[0m                                      &amp#27;[90m# com.qa.restfulbooker.stepdefs.CreateBookingStepDefs.user_calls_api_with_http_method(java.lang.String,java.lang.String)&amp#27;[0m
  &amp#27;[32mThen &amp#27;[0m&amp#27;[32mUser should get &amp#27;[0m&amp#27;[32m&amp#27;[1m200&amp#27;[0m&amp#27;[32m response code&amp#27;[0m                                                                   &amp#27;[90m# com.qa.restfulbooker.stepdefs.CreateBookingStepDefs.user_should_get_response_code(int)&amp#27;[0m
  &amp#27;[32mAnd &amp#27;[0m&amp#27;[32mCheck in date should be updated to &amp#27;[0m&amp#27;[32m&amp#27;[1m"2024-07-12"&amp#27;[0m&amp#27;[32m and Check out date should be updated to &amp#27;[0m&amp#27;[32m&amp#27;[1m"2024-07-29"&amp#27;[0m &amp#27;[90m# com.qa.restfulbooker.stepdefs.UpdateBookingStepDefs.check_in_date_should_be_updated_to_and_check_out_date_should_be_updated_to(java.lang.String,java.lang.String)&amp#27;[0m
  &amp#27;[31mAnd &amp#27;[0m&amp#27;[31mUser validates response with &amp#27;[0m&amp#27;[31m&amp#27;[1m"UpdateBookingSchema.json"&amp#27;[0m&amp#27;[31m schema&amp#27;[0m                                       &amp#27;[90m# com.qa.restfulbooker.stepdefs.CreateBookingStepDefs.response_should_match_with(java.lang.String)&amp#27;[0m
      &amp#27;[31mjava.lang.AssertionError: 1 expectation failed.
Response body doesn't match expectation.
Expected: The content to match the given JSON schema.
error: instance type (null) does not match any allowed primitive type (allowed: ["string"])
    level: "error"
    schema: {"loadingURI":"#","pointer":"/properties/additionalneeds"}
    instance: {"pointer":"/additionalneeds"}
    domain: "validation"
    keyword: "type"
    found: "null"
    expected: ["string"]
error: instance type (null) does not match any allowed primitive type (allowed: ["string"])
    level: "error"
    schema: {"loadingURI":"#","pointer":"/properties/firstname"}
    instance: {"pointer":"/firstname"}
    domain: "validation"
    keyword: "type"
    found: "null"
    expected: ["string"]
error: instance type (null) does not match any allowed primitive type (allowed: ["string"])
    level: "error"
    schema: {"loadingURI":"#","pointer":"/properties/lastname"}
    instance: {"pointer":"/lastname"}
    domain: "validation"
    keyword: "type"
    found: "null"
    expected: ["string"]

  Actual: {"firstname":null,"lastname":null,"totalprice":0,"depositpaid":false,"bookingdates":{"checkin":"2024-07-12","checkout":"2024-07-29"},"additionalneeds":null}

	at java.base/jdk.internal.reflect.DirectConstructorHandleAccessor.newInstance(DirectConstructorHandleAccessor.java:62)
	at java.base/java.lang.reflect.Constructor.newInstanceWithCaller(Constructor.java:502)
	at java.base/java.lang.reflect.Constructor.newInstance(Constructor.java:486)
	at org.codehaus.groovy.reflection.CachedConstructor.invoke(CachedConstructor.java:73)
	at org.codehaus.groovy.runtime.callsite.ConstructorSite$ConstructorSiteNoUnwrapNoCoerce.callConstructor(ConstructorSite.java:108)
	at org.codehaus.groovy.runtime.callsite.CallSiteArray.defaultCallConstructor(CallSiteArray.java:57)
	at org.codehaus.groovy.runtime.callsite.AbstractCallSite.callConstructor(AbstractCallSite.java:263)
	at org.codehaus.groovy.runtime.callsite.AbstractCallSite.callConstructor(AbstractCallSite.java:277)
	at io.restassured.internal.ResponseSpecificationImpl$HamcrestAssertionClosure.validate(ResponseSpecificationImpl.groovy:512)
	at io.restassured.internal.ResponseSpecificationImpl$HamcrestAssertionClosure$validate$1.call(Unknown Source)
	at io.restassured.internal.ResponseSpecificationImpl.validateResponseIfRequired(ResponseSpecificationImpl.groovy:696)
	at io.restassured.internal.ResponseSpecificationImpl.this$2$validateResponseIfRequired(ResponseSpecificationImpl.groovy)
	at java.base/jdk.internal.reflect.DirectMethodHandleAccessor.invoke(DirectMethodHandleAccessor.java:103)
	at java.base/java.lang.reflect.Method.invoke(Method.java:580)
	at org.codehaus.groovy.runtime.callsite.PlainObjectMetaMethodSite.doInvoke(PlainObjectMetaMethodSite.java:43)
	at org.codehaus.groovy.runtime.callsite.PogoMetaMethodSite$PogoCachedMethodSiteNoUnwrapNoCoerce.invoke(PogoMetaMethodSite.java:198)
	at org.codehaus.groovy.runtime.callsite.PogoMetaMethodSite.callCurrent(PogoMetaMethodSite.java:62)
	at org.codehaus.groovy.runtime.callsite.AbstractCallSite.callCurrent(AbstractCallSite.java:185)
	at io.restassured.internal.ResponseSpecificationImpl.body(ResponseSpecificationImpl.groovy:107)
	at io.restassured.internal.ValidatableResponseOptionsImpl.body(ValidatableResponseOptionsImpl.java:238)
	at com.qa.restfulbooker.stepdefs.CreateBookingStepDefs.response_should_match_with(CreateBookingStepDefs.java:65)
	at ✽.User validates response with "UpdateBookingSchema.json" schema(file:///E:/Testing/Eclipse/RestAssuredAutomationFramework/./Features/updatebooking.feature:30)
&amp#27;[0m
]]></system-out>
  </testcase>
</testsuite>